  main.cpp
C:\Program Files\Microsoft Visual Studio\2022\Community\VC\Tools\MSVC\14.38.33130\include\format(42): warning STL4038: The contents of <format> are available only with C++20 or later.
C:\Program Files\Microsoft Visual Studio\2022\Community\VC\Tools\MSVC\14.38.33130\include\filesystem(12): warning STL4038: The contents of <filesystem> are available only with C++17 or later.
C:\Users\djsch\Desktop\D2R_TCP_Release\D2R - TCP Release\Optional Content\D2RHUD\Source Code\d2rhud-injector\main.cpp(30,39): error C2039: 'format': is not a member of 'std'
  C:\Program Files\Microsoft Visual Studio\2022\Community\VC\Tools\MSVC\14.38.33130\include\vector(25,1):
  see declaration of 'std'
  
C:\Users\djsch\Desktop\D2R_TCP_Release\D2R - TCP Release\Optional Content\D2RHUD\Source Code\d2rhud-injector\main.cpp(30,39): error C3861: 'format': identifier not found
C:\Users\djsch\Desktop\D2R_TCP_Release\D2R - TCP Release\Optional Content\D2RHUD\Source Code\d2rhud-injector\main.cpp(31,31): error C2039: 'format': is not a member of 'std'
  C:\Program Files\Microsoft Visual Studio\2022\Community\VC\Tools\MSVC\14.38.33130\include\vector(25,1):
  see declaration of 'std'
  
C:\Users\djsch\Desktop\D2R_TCP_Release\D2R - TCP Release\Optional Content\D2RHUD\Source Code\d2rhud-injector\main.cpp(31,31): error C3861: 'format': identifier not found
C:\Users\djsch\Desktop\D2R_TCP_Release\D2R - TCP Release\Optional Content\D2RHUD\Source Code\d2rhud-injector\main.cpp(35,8): error C2039: 'filesystem': is not a member of 'std'
  C:\Program Files\Microsoft Visual Studio\2022\Community\VC\Tools\MSVC\14.38.33130\include\vector(25,1):
  see declaration of 'std'
  
C:\Users\djsch\Desktop\D2R_TCP_Release\D2R - TCP Release\Optional Content\D2RHUD\Source Code\d2rhud-injector\main.cpp(35,8): error C3083: 'filesystem': the symbol to the left of a '::' must be a type
C:\Users\djsch\Desktop\D2R_TCP_Release\D2R - TCP Release\Optional Content\D2RHUD\Source Code\d2rhud-injector\main.cpp(35,56): error C2039: 'filesystem': is not a member of 'std'
  C:\Program Files\Microsoft Visual Studio\2022\Community\VC\Tools\MSVC\14.38.33130\include\vector(25,1):
  see declaration of 'std'
  
C:\Users\djsch\Desktop\D2R_TCP_Release\D2R - TCP Release\Optional Content\D2RHUD\Source Code\d2rhud-injector\main.cpp(35,68): error C2039: 'copy_options': is not a member of 'std'
  C:\Program Files\Microsoft Visual Studio\2022\Community\VC\Tools\MSVC\14.38.33130\include\vector(25,1):
  see declaration of 'std'
  
C:\Users\djsch\Desktop\D2R_TCP_Release\D2R - TCP Release\Optional Content\D2RHUD\Source Code\d2rhud-injector\main.cpp(35,56): error C3083: 'filesystem': the symbol to the left of a '::' must be a type
C:\Users\djsch\Desktop\D2R_TCP_Release\D2R - TCP Release\Optional Content\D2RHUD\Source Code\d2rhud-injector\main.cpp(35,68): error C3083: 'copy_options': the symbol to the left of a '::' must be a type
C:\Users\djsch\Desktop\D2R_TCP_Release\D2R - TCP Release\Optional Content\D2RHUD\Source Code\d2rhud-injector\main.cpp(35,82): error C2039: 'update_existing': is not a member of 'std'
  C:\Program Files\Microsoft Visual Studio\2022\Community\VC\Tools\MSVC\14.38.33130\include\vector(25,1):
  see declaration of 'std'
  
C:\Users\djsch\Desktop\D2R_TCP_Release\D2R - TCP Release\Optional Content\D2RHUD\Source Code\d2rhud-injector\main.cpp(35,82): error C2065: 'update_existing': undeclared identifier
C:\Users\djsch\Desktop\D2R_TCP_Release\D2R - TCP Release\Optional Content\D2RHUD\Source Code\d2rhud-injector\main.cpp(45,44): error C2440: '<function-style-cast>': cannot convert from 'TCHAR [260]' to 'std::wstring'
  C:\Users\djsch\Desktop\D2R_TCP_Release\D2R - TCP Release\Optional Content\D2RHUD\Source Code\d2rhud-injector\main.cpp(45,44):
  'std::basic_string<wchar_t,std::char_traits<wchar_t>,std::allocator<wchar_t>>::basic_string': no overloaded function could convert all the argument types
  	C:\Program Files\Microsoft Visual Studio\2022\Community\VC\Tools\MSVC\14.38.33130\include\xstring(2545,5):
  	could be 'std::basic_string<wchar_t,std::char_traits<wchar_t>,std::allocator<wchar_t>>::basic_string(const _Elem *const )'
          with
          [
              _Elem=wchar_t
          ]
  		C:\Users\djsch\Desktop\D2R_TCP_Release\D2R - TCP Release\Optional Content\D2RHUD\Source Code\d2rhud-injector\main.cpp(45,44):
  		'std::basic_string<wchar_t,std::char_traits<wchar_t>,std::allocator<wchar_t>>::basic_string(const _Elem *const )': cannot convert argument 1 from 'TCHAR [260]' to 'const _Elem *const '
          with
          [
              _Elem=wchar_t
          ]
  			C:\Users\djsch\Desktop\D2R_TCP_Release\D2R - TCP Release\Optional Content\D2RHUD\Source Code\d2rhud-injector\main.cpp(45,45):
  			Types pointed to are unrelated; conversion requires reinterpret_cast, C-style cast or parenthesized function-style cast
  	C:\Program Files\Microsoft Visual Studio\2022\Community\VC\Tools\MSVC\14.38.33130\include\xstring(3092,5):
  	or       'std::basic_string<wchar_t,std::char_traits<wchar_t>,std::allocator<wchar_t>>::basic_string(std::initializer_list<_Elem>,const _Alloc &)'
          with
          [
              _Elem=wchar_t,
              _Alloc=std::allocator<wchar_t>
          ]
  		C:\Users\djsch\Desktop\D2R_TCP_Release\D2R - TCP Release\Optional Content\D2RHUD\Source Code\d2rhud-injector\main.cpp(45,44):
  		'std::basic_string<wchar_t,std::char_traits<wchar_t>,std::allocator<wchar_t>>::basic_string(std::initializer_list<_Elem>,const _Alloc &)': cannot convert argument 1 from 'TCHAR [260]' to 'std::initializer_list<_Elem>'
          with
          [
              _Elem=wchar_t,
              _Alloc=std::allocator<wchar_t>
          ]
          and
          [
              _Elem=wchar_t
          ]
  			C:\Users\djsch\Desktop\D2R_TCP_Release\D2R - TCP Release\Optional Content\D2RHUD\Source Code\d2rhud-injector\main.cpp(45,45):
  			'std::initializer_list<_Elem>::initializer_list': no overloaded function could convert all the argument types
          with
          [
              _Elem=wchar_t
          ]
  				C:\Program Files\Microsoft Visual Studio\2022\Community\VC\Tools\MSVC\14.38.33130\include\initializer_list(51,1):
  				could be 'std::initializer_list<_Elem>::initializer_list(std::initializer_list<_Elem> &&)'
          with
          [
              _Elem=wchar_t
          ]
  					C:\Users\djsch\Desktop\D2R_TCP_Release\D2R - TCP Release\Optional Content\D2RHUD\Source Code\d2rhud-injector\main.cpp(45,45):
  					'std::initializer_list<_Elem>::initializer_list(std::initializer_list<_Elem> &&)': cannot convert argument 1 from 'TCHAR [260]' to 'std::initializer_list<_Elem> &&'
          with
          [
              _Elem=wchar_t
          ]
  						C:\Users\djsch\Desktop\D2R_TCP_Release\D2R - TCP Release\Optional Content\D2RHUD\Source Code\d2rhud-injector\main.cpp(45,45):
  						Reason: cannot convert from 'TCHAR [260]' to 'std::initializer_list<_Elem>'
          with
          [
              _Elem=wchar_t
          ]
  						C:\Users\djsch\Desktop\D2R_TCP_Release\D2R - TCP Release\Optional Content\D2RHUD\Source Code\d2rhud-injector\main.cpp(45,45):
  						Conversion requires a second user-defined-conversion operator or constructor
  				C:\Program Files\Microsoft Visual Studio\2022\Community\VC\Tools\MSVC\14.38.33130\include\initializer_list(51,1):
  				or       'std::initializer_list<_Elem>::initializer_list(const std::initializer_list<_Elem> &)'
          with
          [
              _Elem=wchar_t
          ]
  					C:\Users\djsch\Desktop\D2R_TCP_Release\D2R - TCP Release\Optional Content\D2RHUD\Source Code\d2rhud-injector\main.cpp(45,45):
  					'std::initializer_list<_Elem>::initializer_list(const std::initializer_list<_Elem> &)': cannot convert argument 1 from 'TCHAR [260]' to 'const std::initializer_list<_Elem> &'
          with
          [
              _Elem=wchar_t
          ]
  						C:\Users\djsch\Desktop\D2R_TCP_Release\D2R - TCP Release\Optional Content\D2RHUD\Source Code\d2rhud-injector\main.cpp(45,45):
  						Reason: cannot convert from 'TCHAR [260]' to 'const std::initializer_list<_Elem>'
          with
          [
              _Elem=wchar_t
          ]
  						C:\Users\djsch\Desktop\D2R_TCP_Release\D2R - TCP Release\Optional Content\D2RHUD\Source Code\d2rhud-injector\main.cpp(45,45):
  						Conversion requires a second user-defined-conversion operator or constructor
  				C:\Users\djsch\Desktop\D2R_TCP_Release\D2R - TCP Release\Optional Content\D2RHUD\Source Code\d2rhud-injector\main.cpp(45,45):
  				while trying to match the argument list '(TCHAR [260])'
  	C:\Program Files\Microsoft Visual Studio\2022\Community\VC\Tools\MSVC\14.38.33130\include\xstring(2491,5):
  	or       'std::basic_string<wchar_t,std::char_traits<wchar_t>,std::allocator<wchar_t>>::basic_string(const _Alloc &) noexcept'
          with
          [
              _Alloc=std::allocator<wchar_t>
          ]
  		C:\Users\djsch\Desktop\D2R_TCP_Release\D2R - TCP Release\Optional Content\D2RHUD\Source Code\d2rhud-injector\main.cpp(45,44):
  		'std::basic_string<wchar_t,std::char_traits<wchar_t>,std::allocator<wchar_t>>::basic_string(const _Alloc &) noexcept': cannot convert argument 1 from 'TCHAR [260]' to 'const _Alloc &'
          with
          [
              _Alloc=std::allocator<wchar_t>
          ]
  			C:\Users\djsch\Desktop\D2R_TCP_Release\D2R - TCP Release\Optional Content\D2RHUD\Source Code\d2rhud-injector\main.cpp(45,45):
  			Reason: cannot convert from 'TCHAR [260]' to 'const _Alloc'
          with
          [
              _Alloc=std::allocator<wchar_t>
          ]
  			C:\Users\djsch\Desktop\D2R_TCP_Release\D2R - TCP Release\Optional Content\D2RHUD\Source Code\d2rhud-injector\main.cpp(45,45):
  			'std::allocator<wchar_t>::allocator': no overloaded function could convert all the argument types
  				C:\Program Files\Microsoft Visual Studio\2022\Community\VC\Tools\MSVC\14.38.33130\include\xmemory(964,5):
  				could be 'std::allocator<wchar_t>::allocator(const std::allocator<wchar_t> &) noexcept'
  					C:\Users\djsch\Desktop\D2R_TCP_Release\D2R - TCP Release\Optional Content\D2RHUD\Source Code\d2rhud-injector\main.cpp(45,45):
  					'std::allocator<wchar_t>::allocator(const std::allocator<wchar_t> &) noexcept': cannot convert argument 1 from 'TCHAR [260]' to 'const std::allocator<wchar_t> &'
  						C:\Users\djsch\Desktop\D2R_TCP_Release\D2R - TCP Release\Optional Content\D2RHUD\Source Code\d2rhud-injector\main.cpp(45,45):
  						Reason: cannot convert from 'TCHAR [260]' to 'const std::allocator<wchar_t>'
  						C:\Users\djsch\Desktop\D2R_TCP_Release\D2R - TCP Release\Optional Content\D2RHUD\Source Code\d2rhud-injector\main.cpp(45,45):
  						Conversion requires a second user-defined-conversion operator or constructor
  				C:\Program Files\Microsoft Visual Studio\2022\Community\VC\Tools\MSVC\14.38.33130\include\xmemory(962,5):
  				or       'std::allocator<wchar_t>::allocator(void) noexcept'
  					C:\Users\djsch\Desktop\D2R_TCP_Release\D2R - TCP Release\Optional Content\D2RHUD\Source Code\d2rhud-injector\main.cpp(45,45):
  					'std::allocator<wchar_t>::allocator': function does not take 1 arguments
  				C:\Program Files\Microsoft Visual Studio\2022\Community\VC\Tools\MSVC\14.38.33130\include\xmemory(966,5):
  				or       'std::allocator<wchar_t>::allocator(const std::allocator<_Other> &) noexcept'
  				C:\Users\djsch\Desktop\D2R_TCP_Release\D2R - TCP Release\Optional Content\D2RHUD\Source Code\d2rhud-injector\main.cpp(45,45):
  				while trying to match the argument list '(TCHAR [260])'
  	C:\Program Files\Microsoft Visual Studio\2022\Community\VC\Tools\MSVC\14.38.33130\include\xstring(2575,5):
  	or       'std::basic_string<wchar_t,std::char_traits<wchar_t>,std::allocator<wchar_t>>::basic_string(_Iter,_Iter,const _Alloc &)'
          with
          [
              _Alloc=std::allocator<wchar_t>
          ]
  	C:\Users\djsch\Desktop\D2R_TCP_Release\D2R - TCP Release\Optional Content\D2RHUD\Source Code\d2rhud-injector\main.cpp(45,44):
  	while trying to match the argument list '(TCHAR [260])'
  
C:\Users\djsch\Desktop\D2R_TCP_Release\D2R - TCP Release\Optional Content\D2RHUD\Source Code\d2rhud-injector\main.cpp(46,21): error C2440: '<function-style-cast>': cannot convert from 'TCHAR [260]' to 'std::wstring'
  C:\Users\djsch\Desktop\D2R_TCP_Release\D2R - TCP Release\Optional Content\D2RHUD\Source Code\d2rhud-injector\main.cpp(46,21):
  'std::basic_string<wchar_t,std::char_traits<wchar_t>,std::allocator<wchar_t>>::basic_string': no overloaded function could convert all the argument types
  	C:\Program Files\Microsoft Visual Studio\2022\Community\VC\Tools\MSVC\14.38.33130\include\xstring(2545,5):
  	could be 'std::basic_string<wchar_t,std::char_traits<wchar_t>,std::allocator<wchar_t>>::basic_string(const _Elem *const )'
          with
          [
              _Elem=wchar_t
          ]
  		C:\Users\djsch\Desktop\D2R_TCP_Release\D2R - TCP Release\Optional Content\D2RHUD\Source Code\d2rhud-injector\main.cpp(46,21):
  		'std::basic_string<wchar_t,std::char_traits<wchar_t>,std::allocator<wchar_t>>::basic_string(const _Elem *const )': cannot convert argument 1 from 'TCHAR [260]' to 'const _Elem *const '
          with
          [
              _Elem=wchar_t
          ]
  			C:\Users\djsch\Desktop\D2R_TCP_Release\D2R - TCP Release\Optional Content\D2RHUD\Source Code\d2rhud-injector\main.cpp(46,22):
  			Types pointed to are unrelated; conversion requires reinterpret_cast, C-style cast or parenthesized function-style cast
  	C:\Program Files\Microsoft Visual Studio\2022\Community\VC\Tools\MSVC\14.38.33130\include\xstring(3092,5):
  	or       'std::basic_string<wchar_t,std::char_traits<wchar_t>,std::allocator<wchar_t>>::basic_string(std::initializer_list<_Elem>,const _Alloc &)'
          with
          [
              _Elem=wchar_t,
              _Alloc=std::allocator<wchar_t>
          ]
  		C:\Users\djsch\Desktop\D2R_TCP_Release\D2R - TCP Release\Optional Content\D2RHUD\Source Code\d2rhud-injector\main.cpp(46,21):
  		'std::basic_string<wchar_t,std::char_traits<wchar_t>,std::allocator<wchar_t>>::basic_string(std::initializer_list<_Elem>,const _Alloc &)': cannot convert argument 1 from 'TCHAR [260]' to 'std::initializer_list<_Elem>'
          with
          [
              _Elem=wchar_t,
              _Alloc=std::allocator<wchar_t>
          ]
          and
          [
              _Elem=wchar_t
          ]
  			C:\Users\djsch\Desktop\D2R_TCP_Release\D2R - TCP Release\Optional Content\D2RHUD\Source Code\d2rhud-injector\main.cpp(46,22):
  			'std::initializer_list<_Elem>::initializer_list': no overloaded function could convert all the argument types
          with
          [
              _Elem=wchar_t
          ]
  				C:\Program Files\Microsoft Visual Studio\2022\Community\VC\Tools\MSVC\14.38.33130\include\initializer_list(51,1):
  				could be 'std::initializer_list<_Elem>::initializer_list(std::initializer_list<_Elem> &&)'
          with
          [
              _Elem=wchar_t
          ]
  					C:\Users\djsch\Desktop\D2R_TCP_Release\D2R - TCP Release\Optional Content\D2RHUD\Source Code\d2rhud-injector\main.cpp(46,22):
  					'std::initializer_list<_Elem>::initializer_list(std::initializer_list<_Elem> &&)': cannot convert argument 1 from 'TCHAR [260]' to 'std::initializer_list<_Elem> &&'
          with
          [
              _Elem=wchar_t
          ]
  						C:\Users\djsch\Desktop\D2R_TCP_Release\D2R - TCP Release\Optional Content\D2RHUD\Source Code\d2rhud-injector\main.cpp(46,22):
  						Reason: cannot convert from 'TCHAR [260]' to 'std::initializer_list<_Elem>'
          with
          [
              _Elem=wchar_t
          ]
  						C:\Users\djsch\Desktop\D2R_TCP_Release\D2R - TCP Release\Optional Content\D2RHUD\Source Code\d2rhud-injector\main.cpp(46,22):
  						Conversion requires a second user-defined-conversion operator or constructor
  				C:\Program Files\Microsoft Visual Studio\2022\Community\VC\Tools\MSVC\14.38.33130\include\initializer_list(51,1):
  				or       'std::initializer_list<_Elem>::initializer_list(const std::initializer_list<_Elem> &)'
          with
          [
              _Elem=wchar_t
          ]
  					C:\Users\djsch\Desktop\D2R_TCP_Release\D2R - TCP Release\Optional Content\D2RHUD\Source Code\d2rhud-injector\main.cpp(46,22):
  					'std::initializer_list<_Elem>::initializer_list(const std::initializer_list<_Elem> &)': cannot convert argument 1 from 'TCHAR [260]' to 'const std::initializer_list<_Elem> &'
          with
          [
              _Elem=wchar_t
          ]
  						C:\Users\djsch\Desktop\D2R_TCP_Release\D2R - TCP Release\Optional Content\D2RHUD\Source Code\d2rhud-injector\main.cpp(46,22):
  						Reason: cannot convert from 'TCHAR [260]' to 'const std::initializer_list<_Elem>'
          with
          [
              _Elem=wchar_t
          ]
  						C:\Users\djsch\Desktop\D2R_TCP_Release\D2R - TCP Release\Optional Content\D2RHUD\Source Code\d2rhud-injector\main.cpp(46,22):
  						Conversion requires a second user-defined-conversion operator or constructor
  				C:\Users\djsch\Desktop\D2R_TCP_Release\D2R - TCP Release\Optional Content\D2RHUD\Source Code\d2rhud-injector\main.cpp(46,22):
  				while trying to match the argument list '(TCHAR [260])'
  	C:\Program Files\Microsoft Visual Studio\2022\Community\VC\Tools\MSVC\14.38.33130\include\xstring(2491,5):
  	or       'std::basic_string<wchar_t,std::char_traits<wchar_t>,std::allocator<wchar_t>>::basic_string(const _Alloc &) noexcept'
          with
          [
              _Alloc=std::allocator<wchar_t>
          ]
  		C:\Users\djsch\Desktop\D2R_TCP_Release\D2R - TCP Release\Optional Content\D2RHUD\Source Code\d2rhud-injector\main.cpp(46,21):
  		'std::basic_string<wchar_t,std::char_traits<wchar_t>,std::allocator<wchar_t>>::basic_string(const _Alloc &) noexcept': cannot convert argument 1 from 'TCHAR [260]' to 'const _Alloc &'
          with
          [
              _Alloc=std::allocator<wchar_t>
          ]
  			C:\Users\djsch\Desktop\D2R_TCP_Release\D2R - TCP Release\Optional Content\D2RHUD\Source Code\d2rhud-injector\main.cpp(46,22):
  			Reason: cannot convert from 'TCHAR [260]' to 'const _Alloc'
          with
          [
              _Alloc=std::allocator<wchar_t>
          ]
  			C:\Users\djsch\Desktop\D2R_TCP_Release\D2R - TCP Release\Optional Content\D2RHUD\Source Code\d2rhud-injector\main.cpp(46,22):
  			'std::allocator<wchar_t>::allocator': no overloaded function could convert all the argument types
  				C:\Program Files\Microsoft Visual Studio\2022\Community\VC\Tools\MSVC\14.38.33130\include\xmemory(964,5):
  				could be 'std::allocator<wchar_t>::allocator(const std::allocator<wchar_t> &) noexcept'
  					C:\Users\djsch\Desktop\D2R_TCP_Release\D2R - TCP Release\Optional Content\D2RHUD\Source Code\d2rhud-injector\main.cpp(46,22):
  					'std::allocator<wchar_t>::allocator(const std::allocator<wchar_t> &) noexcept': cannot convert argument 1 from 'TCHAR [260]' to 'const std::allocator<wchar_t> &'
  						C:\Users\djsch\Desktop\D2R_TCP_Release\D2R - TCP Release\Optional Content\D2RHUD\Source Code\d2rhud-injector\main.cpp(46,22):
  						Reason: cannot convert from 'TCHAR [260]' to 'const std::allocator<wchar_t>'
  						C:\Users\djsch\Desktop\D2R_TCP_Release\D2R - TCP Release\Optional Content\D2RHUD\Source Code\d2rhud-injector\main.cpp(46,22):
  						Conversion requires a second user-defined-conversion operator or constructor
  				C:\Program Files\Microsoft Visual Studio\2022\Community\VC\Tools\MSVC\14.38.33130\include\xmemory(962,5):
  				or       'std::allocator<wchar_t>::allocator(void) noexcept'
  					C:\Users\djsch\Desktop\D2R_TCP_Release\D2R - TCP Release\Optional Content\D2RHUD\Source Code\d2rhud-injector\main.cpp(46,22):
  					'std::allocator<wchar_t>::allocator': function does not take 1 arguments
  				C:\Program Files\Microsoft Visual Studio\2022\Community\VC\Tools\MSVC\14.38.33130\include\xmemory(966,5):
  				or       'std::allocator<wchar_t>::allocator(const std::allocator<_Other> &) noexcept'
  				C:\Users\djsch\Desktop\D2R_TCP_Release\D2R - TCP Release\Optional Content\D2RHUD\Source Code\d2rhud-injector\main.cpp(46,22):
  				while trying to match the argument list '(TCHAR [260])'
  	C:\Program Files\Microsoft Visual Studio\2022\Community\VC\Tools\MSVC\14.38.33130\include\xstring(2575,5):
  	or       'std::basic_string<wchar_t,std::char_traits<wchar_t>,std::allocator<wchar_t>>::basic_string(_Iter,_Iter,const _Alloc &)'
          with
          [
              _Alloc=std::allocator<wchar_t>
          ]
  	C:\Users\djsch\Desktop\D2R_TCP_Release\D2R - TCP Release\Optional Content\D2RHUD\Source Code\d2rhud-injector\main.cpp(46,21):
  	while trying to match the argument list '(TCHAR [260])'
  
C:\Users\djsch\Desktop\D2R_TCP_Release\D2R - TCP Release\Optional Content\D2RHUD\Source Code\d2rhud-injector\main.cpp(53,6): error C2664: 'BOOL WTSEnumerateProcessesW(HANDLE,DWORD,DWORD,PWTS_PROCESS_INFOW *,DWORD *)': cannot convert argument 4 from 'WTS_PROCESS_INFOA **' to 'PWTS_PROCESS_INFOW *'
  C:\Users\djsch\Desktop\D2R_TCP_Release\D2R - TCP Release\Optional Content\D2RHUD\Source Code\d2rhud-injector\main.cpp(53,65):
  Types pointed to are unrelated; conversion requires reinterpret_cast, C-style cast or parenthesized function-style cast
  C:\Program Files (x86)\Windows Kits\10\Include\10.0.22621.0\um\wtsapi32.h(972,1):
  see declaration of 'WTSEnumerateProcessesW'
  C:\Users\djsch\Desktop\D2R_TCP_Release\D2R - TCP Release\Optional Content\D2RHUD\Source Code\d2rhud-injector\main.cpp(53,6):
  while trying to match the argument list '(HANDLE, int, int, WTS_PROCESS_INFOA **, DWORD *)'
  
C:\Users\djsch\Desktop\D2R_TCP_Release\D2R - TCP Release\Optional Content\D2RHUD\Source Code\d2rhud-injector\main.cpp(58,9): error C2664: 'int wcscmp(const wchar_t *,const wchar_t *)': cannot convert argument 1 from 'LPSTR' to 'const wchar_t *'
  C:\Users\djsch\Desktop\D2R_TCP_Release\D2R - TCP Release\Optional Content\D2RHUD\Source Code\d2rhud-injector\main.cpp(58,24):
  Types pointed to are unrelated; conversion requires reinterpret_cast, C-style cast or parenthesized function-style cast
  C:\Program Files (x86)\Windows Kits\10\Include\10.0.22621.0\ucrt\corecrt_wstring.h(108,22):
  see declaration of 'wcscmp'
  C:\Users\djsch\Desktop\D2R_TCP_Release\D2R - TCP Release\Optional Content\D2RHUD\Source Code\d2rhud-injector\main.cpp(58,9):
  while trying to match the argument list '(LPSTR, const _Elem *)'
          with
          [
              _Elem=wchar_t
          ]
  
C:\Users\djsch\Desktop\D2R_TCP_Release\D2R - TCP Release\Optional Content\D2RHUD\Source Code\d2rhud-injector\main.cpp(88,8): error C2664: 'int wcscmp(const wchar_t *,const wchar_t *)': cannot convert argument 1 from 'char [256]' to 'const wchar_t *'
  C:\Users\djsch\Desktop\D2R_TCP_Release\D2R - TCP Release\Optional Content\D2RHUD\Source Code\d2rhud-injector\main.cpp(88,28):
  Types pointed to are unrelated; conversion requires reinterpret_cast, C-style cast or parenthesized function-style cast
  C:\Program Files (x86)\Windows Kits\10\Include\10.0.22621.0\ucrt\corecrt_wstring.h(108,22):
  see declaration of 'wcscmp'
  C:\Users\djsch\Desktop\D2R_TCP_Release\D2R - TCP Release\Optional Content\D2RHUD\Source Code\d2rhud-injector\main.cpp(88,8):
  while trying to match the argument list '(char [256], const _Elem *)'
          with
          [
              _Elem=wchar_t
          ]
  
C:\Users\djsch\Desktop\D2R_TCP_Release\D2R - TCP Release\Optional Content\D2RHUD\Source Code\d2rhud-injector\main.cpp(108,23): error C2664: 'HMODULE LoadLibraryA(LPCSTR)': cannot convert argument 1 from 'const wchar_t [9]' to 'LPCSTR'
  C:\Users\djsch\Desktop\D2R_TCP_Release\D2R - TCP Release\Optional Content\D2RHUD\Source Code\d2rhud-injector\main.cpp(108,35):
  Types pointed to are unrelated; conversion requires reinterpret_cast, C-style cast or parenthesized function-style cast
  C:\Program Files (x86)\Windows Kits\10\Include\10.0.22621.0\um\libloaderapi.h(593,1):
  see declaration of 'LoadLibraryA'
  C:\Users\djsch\Desktop\D2R_TCP_Release\D2R - TCP Release\Optional Content\D2RHUD\Source Code\d2rhud-injector\main.cpp(108,23):
  while trying to match the argument list '(const wchar_t [9])'
  
C:\Users\djsch\Desktop\D2R_TCP_Release\D2R - TCP Release\Optional Content\D2RHUD\Source Code\d2rhud-injector\main.cpp(129,12): error C2039: 'filesystem': is not a member of 'std'
  C:\Program Files\Microsoft Visual Studio\2022\Community\VC\Tools\MSVC\14.38.33130\include\vector(25,1):
  see declaration of 'std'
  
C:\Users\djsch\Desktop\D2R_TCP_Release\D2R - TCP Release\Optional Content\D2RHUD\Source Code\d2rhud-injector\main.cpp(129,12): error C3083: 'filesystem': the symbol to the left of a '::' must be a type
C:\Users\djsch\Desktop\D2R_TCP_Release\D2R - TCP Release\Optional Content\D2RHUD\Source Code\d2rhud-injector\main.cpp(129,24): error C2039: 'exists': is not a member of 'std'
  C:\Program Files\Microsoft Visual Studio\2022\Community\VC\Tools\MSVC\14.38.33130\include\vector(25,1):
  see declaration of 'std'
  
C:\Users\djsch\Desktop\D2R_TCP_Release\D2R - TCP Release\Optional Content\D2RHUD\Source Code\d2rhud-injector\main.cpp(129,24): error C3861: 'exists': identifier not found
C:\Users\djsch\Desktop\D2R_TCP_Release\D2R - TCP Release\Optional Content\D2RHUD\Source Code\d2rhud-injector\main.cpp(156,22): error C2664: 'HMODULE LoadLibraryA(LPCSTR)': cannot convert argument 1 from 'const wchar_t [9]' to 'LPCSTR'
  C:\Users\djsch\Desktop\D2R_TCP_Release\D2R - TCP Release\Optional Content\D2RHUD\Source Code\d2rhud-injector\main.cpp(156,34):
  Types pointed to are unrelated; conversion requires reinterpret_cast, C-style cast or parenthesized function-style cast
  C:\Program Files (x86)\Windows Kits\10\Include\10.0.22621.0\um\libloaderapi.h(593,1):
  see declaration of 'LoadLibraryA'
  C:\Users\djsch\Desktop\D2R_TCP_Release\D2R - TCP Release\Optional Content\D2RHUD\Source Code\d2rhud-injector\main.cpp(156,22):
  while trying to match the argument list '(const wchar_t [9])'
  
