c:\users\djsch\github\d2rhud-2.4\d2rhud\x64\debug\vc143.pdb
c:\users\djsch\github\d2rhud-2.4\d2rhud\x64\debug\d2rhud.obj
c:\users\djsch\github\d2rhud-2.4\d2rhud\x64\debug\pluginmanager.obj
c:\users\djsch\github\d2rhud-2.4\d2rhud\x64\debug\keymappings.obj
c:\users\djsch\github\d2rhud-2.4\d2rhud\x64\debug\pattern.obj
c:\users\djsch\github\d2rhud-2.4\d2rhud\x64\debug\dllmain.obj
c:\users\djsch\github\d2rhud-2.4\d2rhud\x64\debug\d3d12hook.obj
c:\users\djsch\github\d2rhud-2.4\d2rhud\x64\debug\itemfilter.obj
c:\users\djsch\github\d2rhud-2.4\x64\debug\d2rhud.dll
c:\users\djsch\github\d2rhud-2.4\x64\debug\d2rhud.map
c:\users\djsch\github\d2rhud-2.4\x64\debug\d2rhud.pdb
c:\users\djsch\github\d2rhud-2.4\x64\debug\d2rhud.ilk
c:\users\djsch\github\d2rhud-2.4\d2rhud\x64\debug\d2rhud.tlog\cl.command.1.tlog
c:\users\djsch\github\d2rhud-2.4\d2rhud\x64\debug\d2rhud.tlog\cl.items.tlog
c:\users\djsch\github\d2rhud-2.4\d2rhud\x64\debug\d2rhud.tlog\cl.read.1.tlog
c:\users\djsch\github\d2rhud-2.4\d2rhud\x64\debug\d2rhud.tlog\cl.write.1.tlog
c:\users\djsch\github\d2rhud-2.4\d2rhud\x64\debug\d2rhud.tlog\link.command.1.tlog
c:\users\djsch\github\d2rhud-2.4\d2rhud\x64\debug\d2rhud.tlog\link.read.1.tlog
c:\users\djsch\github\d2rhud-2.4\d2rhud\x64\debug\d2rhud.tlog\link.secondary.1.tlog
c:\users\djsch\github\d2rhud-2.4\d2rhud\x64\debug\d2rhud.tlog\link.write.1.tlog
